<?xml version="1.0" encoding="UTF-8"?>
<!-- Generated by org.testng.reporters.JUnitXMLReporter -->
<testsuite ignored="3" hostname="Gayatri-LP" failures="0" tests="4" name="Test" time="34.59" errors="0" timestamp="2023-01-17T09:50:54 PST">
  <testcase classname="com.qa.amazon.tests.LoginPageTest" name="verifyTitle" time="0.065"/>
  <testcase classname="com.qa.amazon.tests.LoginPageTest" name="login" time="11.452"/>
  <testcase classname="com.qa.amazon.tests.HomePageTest" name="verifyTitle" time="0.009"/>
  <testcase classname="com.qa.amazon.tests.HomePageTest" name="searchProduct" time="14.737"/>
  <testcase classname="com.qa.amazon.base.BaseTest" name="@AfterTest tearDown" time="0.0">
    <ignored/>
  </testcase> <!-- @AfterTest tearDown -->
  <testcase classname="com.qa.amazon.base.BaseTest" name="@BeforeTest setup" time="0.0">
    <ignored/>
  </testcase> <!-- @BeforeTest setup -->
  <testcase classname="com.qa.amazon.base.BaseTest" name="@AfterTest tearDown" time="0.0">
    <ignored/>
  </testcase> <!-- @AfterTest tearDown -->
</testsuite> <!-- Test -->
