<?xml version="1.0" encoding="UTF-8"?>
<testng-results ignored="3" total="7" passed="4" failed="0" skipped="0">
  <reporter-output>
  </reporter-output>
  <suite started-at="2023-01-17T09:50:19 PST" name="Suite" finished-at="2023-01-17T09:50:54 PST" duration-ms="34590">
    <groups>
    </groups>
    <test started-at="2023-01-17T09:50:19 PST" name="Test" finished-at="2023-01-17T09:50:54 PST" duration-ms="34590">
      <class name="com.qa.amazon.tests.LoginPageTest">
        <test-method is-config="true" signature="setup()[pri:0, instance:com.qa.amazon.tests.LoginPageTest@1ba05e38]" started-at="2023-01-17T09:50:27 PST" name="setup" finished-at="2023-01-17T09:50:27 PST" duration-ms="41" status="PASS">
          <reporter-output>
          </reporter-output>
        </test-method> <!-- setup -->
        <test-method signature="verifyTitle()[pri:1, instance:com.qa.amazon.tests.LoginPageTest@1ba05e38]" started-at="2023-01-17T09:50:27 PST" name="verifyTitle" finished-at="2023-01-17T09:50:27 PST" duration-ms="65" status="PASS">
          <reporter-output>
          </reporter-output>
        </test-method> <!-- verifyTitle -->
        <test-method is-config="true" signature="setup()[pri:0, instance:com.qa.amazon.tests.LoginPageTest@1ba05e38]" started-at="2023-01-17T09:50:27 PST" name="setup" finished-at="2023-01-17T09:50:27 PST" duration-ms="5" status="PASS">
          <reporter-output>
          </reporter-output>
        </test-method> <!-- setup -->
        <test-method signature="login()[pri:2, instance:com.qa.amazon.tests.LoginPageTest@1ba05e38]" started-at="2023-01-17T09:50:27 PST" name="login" finished-at="2023-01-17T09:50:39 PST" duration-ms="11452" status="PASS">
          <reporter-output>
          </reporter-output>
        </test-method> <!-- login -->
      </class> <!-- com.qa.amazon.tests.LoginPageTest -->
      <class name="com.qa.amazon.tests.HomePageTest">
        <test-method is-config="true" signature="setUP()[pri:0, instance:com.qa.amazon.tests.HomePageTest@6c298dc]" started-at="2023-01-17T09:50:39 PST" name="setUP" finished-at="2023-01-17T09:50:39 PST" duration-ms="3" status="PASS">
          <reporter-output>
          </reporter-output>
        </test-method> <!-- setUP -->
        <test-method signature="verifyTitle()[pri:1, instance:com.qa.amazon.tests.HomePageTest@6c298dc]" started-at="2023-01-17T09:50:39 PST" name="verifyTitle" finished-at="2023-01-17T09:50:39 PST" duration-ms="9" status="PASS">
          <reporter-output>
          </reporter-output>
        </test-method> <!-- verifyTitle -->
        <test-method signature="searchProduct()[pri:2, instance:com.qa.amazon.tests.HomePageTest@6c298dc]" started-at="2023-01-17T09:50:39 PST" name="searchProduct" finished-at="2023-01-17T09:50:53 PST" duration-ms="14737" status="PASS">
          <reporter-output>
          </reporter-output>
        </test-method> <!-- searchProduct -->
      </class> <!-- com.qa.amazon.tests.HomePageTest -->
      <class name="com.qa.amazon.base.BaseTest">
        <test-method is-config="true" signature="setup()[pri:0, instance:com.qa.amazon.base.BaseTest@31da6b2e]" started-at="2023-01-17T09:50:19 PST" name="setup" finished-at="2023-01-17T09:50:27 PST" duration-ms="7797" status="PASS">
          <reporter-output>
          </reporter-output>
        </test-method> <!-- setup -->
        <test-method is-config="true" signature="tearDown()[pri:0, instance:com.qa.amazon.base.BaseTest@31da6b2e]" started-at="2023-01-17T09:50:53 PST" name="tearDown" finished-at="2023-01-17T09:50:54 PST" duration-ms="246" status="PASS">
          <reporter-output>
          </reporter-output>
        </test-method> <!-- tearDown -->
      </class> <!-- com.qa.amazon.base.BaseTest -->
    </test> <!-- Test -->
  </suite> <!-- Suite -->
</testng-results>
